<?xml version="1.0" encoding="UTF-8"?>
<!-- Generated by org.testng.reporters.JUnitXMLReporter -->
<testsuite ignored="0" hostname="S3XLAP153" failures="0" tests="18" name="Default test" time="30.518" errors="0" timestamp="2026-05-28T00:19:44 IST">
  <testcase classname="api.test.DDTests" name="testPostUser" time="4.637"/>
  <testcase classname="api.test.DDTests" name="testPostUser" time="1.238"/>
  <testcase classname="api.test.DDTests" name="testPostUser" time="1.397"/>
  <testcase classname="api.test.DDTests" name="testPostUser" time="1.536"/>
  <testcase classname="api.test.DDTests" name="testPostUser" time="1.329"/>
  <testcase classname="api.test.DDTests" name="testPostUser" time="1.331"/>
  <testcase classname="api.test.DDTests" name="testPostUser" time="1.329"/>
  <testcase classname="api.test.DDTests" name="testPostUser" time="1.437"/>
  <testcase classname="api.test.DDTests" name="testPostUser" time="1.427"/>
  <testcase classname="api.test.DDTests" name="testDeleteUserByName" time="1.334"/>
  <testcase classname="api.test.DDTests" name="testDeleteUserByName" time="1.412"/>
  <testcase classname="api.test.DDTests" name="testDeleteUserByName" time="1.373"/>
  <testcase classname="api.test.DDTests" name="testDeleteUserByName" time="1.428"/>
  <testcase classname="api.test.DDTests" name="testDeleteUserByName" time="1.494"/>
  <testcase classname="api.test.DDTests" name="testDeleteUserByName" time="1.739"/>
  <testcase classname="api.test.DDTests" name="testDeleteUserByName" time="1.334"/>
  <testcase classname="api.test.DDTests" name="testDeleteUserByName" time="1.444"/>
  <testcase classname="api.test.DDTests" name="testDeleteUserByName" time="1.278"/>
</testsuite> <!-- Default test -->
