<?xml version="1.0" encoding="UTF-8"?>
<!-- Generated by org.testng.reporters.JUnitReportReporter -->
<testsuite hostname="S3XLAP153" failures="0" tests="4" name="api.test.UserTests2" time="9.621" errors="0" timestamp="2026-05-28T01:33:30 IST" skipped="0">
  <testcase classname="api.test.UserTests2" name="testPostUser" time="3.555"/>
  <system-out/>
  <testcase classname="api.test.UserTests2" name="testGetUserByName" time="1.495"/>
  <system-out/>
  <testcase classname="api.test.UserTests2" name="testUpdateUserByName" time="2.864"/>
  <system-out/>
  <testcase classname="api.test.UserTests2" name="testDeleteUserByName" time="1.707"/>
  <system-out/>
</testsuite> <!-- api.test.UserTests2 -->
