<?xml version="1.0" encoding="UTF-8"?>
<!-- Generated by org.testng.reporters.JUnitReportReporter -->
<testsuite hostname="S3XLAP153" failures="0" tests="4" name="api.test.UserTests" time="7.560" errors="0" timestamp="2026-05-28T01:11:20 IST" skipped="0">
  <testcase classname="api.test.UserTests" name="testPostUser" time="3.048"/>
  <system-out/>
  <testcase classname="api.test.UserTests" name="testGetUserByName" time="1.140"/>
  <system-out/>
  <testcase classname="api.test.UserTests" name="testUpdateUserByName" time="2.261"/>
  <system-out/>
  <testcase classname="api.test.UserTests" name="testDeleteUserByName" time="1.111"/>
  <system-out/>
</testsuite> <!-- api.test.UserTests -->
