<?xml version="1.0" encoding="UTF-8"?>
<!-- Generated by org.testng.reporters.JUnitReportReporter -->
<testsuite hostname="S3XLAP153" failures="0" tests="18" name="api.test.DDTests" time="28.497" errors="0" timestamp="2026-05-28T00:19:44 IST" skipped="0">
  <testcase classname="api.test.DDTests" name="testPostUser" time="1.329"/>
  <system-out/>
  <testcase classname="api.test.DDTests" name="testPostUser" time="1.437"/>
  <system-out/>
  <testcase classname="api.test.DDTests" name="testPostUser" time="1.331"/>
  <system-out/>
  <testcase classname="api.test.DDTests" name="testPostUser" time="1.238"/>
  <system-out/>
  <testcase classname="api.test.DDTests" name="testPostUser" time="1.329"/>
  <system-out/>
  <testcase classname="api.test.DDTests" name="testPostUser" time="4.637"/>
  <system-out/>
  <testcase classname="api.test.DDTests" name="testPostUser" time="1.427"/>
  <system-out/>
  <testcase classname="api.test.DDTests" name="testPostUser" time="1.397"/>
  <system-out/>
  <testcase classname="api.test.DDTests" name="testPostUser" time="1.536"/>
  <system-out/>
  <testcase classname="api.test.DDTests" name="testDeleteUserByName" time="1.428"/>
  <system-out/>
  <testcase classname="api.test.DDTests" name="testDeleteUserByName" time="1.444"/>
  <system-out/>
  <testcase classname="api.test.DDTests" name="testDeleteUserByName" time="1.412"/>
  <system-out/>
  <testcase classname="api.test.DDTests" name="testDeleteUserByName" time="1.334"/>
  <system-out/>
  <testcase classname="api.test.DDTests" name="testDeleteUserByName" time="1.494"/>
  <system-out/>
  <testcase classname="api.test.DDTests" name="testDeleteUserByName" time="1.278"/>
  <system-out/>
  <testcase classname="api.test.DDTests" name="testDeleteUserByName" time="1.373"/>
  <system-out/>
  <testcase classname="api.test.DDTests" name="testDeleteUserByName" time="1.334"/>
  <system-out/>
  <testcase classname="api.test.DDTests" name="testDeleteUserByName" time="1.739"/>
  <system-out/>
</testsuite> <!-- api.test.DDTests -->
