<?xml version="1.0" encoding="UTF-8"?>
<!-- Generated by org.testng.reporters.JUnitXMLReporter -->
<testsuite ignored="0" hostname="S3XLAP153" failures="0" tests="4" name="PetTests" time="10.557" errors="0" timestamp="2026-05-28T01:33:29 IST">
  <testcase classname="api.test.UserTests2" name="testPostUser" time="3.555"/>
  <testcase classname="api.test.UserTests2" name="testGetUserByName" time="1.495"/>
  <testcase classname="api.test.UserTests2" name="testUpdateUserByName" time="2.864"/>
  <testcase classname="api.test.UserTests2" name="testDeleteUserByName" time="1.707"/>
</testsuite> <!-- PetTests -->
